# JRE version: OpenJDK Runtime Environment Temurin-21.0.8+9 (21.0.8+9) (build 21.0.8+9-LTS)
# Java VM: OpenJDK 64-Bit Server VM Temurin-21.0.8+9 (21.0.8+9-LTS, mixed mode, sharing, tiered, compressed oops, compressed class ptrs, parallel gc, windows-amd64)
GC Precious Log:
 CardTable entry size: 512
 CPUs: 4 total, 4 available
 Memory: 8106M
 Large Page Support: Disabled
 NUMA Support: Disabled
 Compressed Oops: Enabled (32-bit)
 Alignments: Space 512K, Generation 512K, Heap 2M
 Heap Min Capacity: 100M
 Heap Initial Capacity: 100M
 Heap Max Capacity: 2G
 Pre-touch: Disabled
 Parallel Workers: 4
Heap:
 PSYoungGen      total 23040K, used 1861K [0x00000000d5580000, 0x00000000d7100000, 0x0000000100000000)
  eden space 22016K, 3% used [0x00000000d5580000,0x00000000d5651580,0x00000000d6b00000)
  from space 1024K, 100% used [0x00000000d6d00000,0x00000000d6e00000,0x00000000d6e00000)
  to   space 3072K, 0% used [0x00000000d6e00000,0x00000000d6e00000,0x00000000d7100000)
 ParOldGen       total 68608K, used 23930K [0x0000000080000000, 0x0000000084300000, 0x00000000d5580000)
  object space 68608K, 34% used [0x0000000080000000,0x000000008175ea08,0x0000000084300000)
 Metaspace       used 43583K, committed 44672K, reserved 1114112K
  class space    used 4617K, committed 5056K, reserved 1048576K
GC Heap History (20 events):
Event: 30.473 GC heap before
{Heap before GC invocations=11 (full 1):
 PSYoungGen      total 23552K, used 23136K [0x00000000d5580000, 0x00000000d7280000, 0x0000000100000000)
  eden space 22528K, 100% used [0x00000000d5580000,0x00000000d6b80000,0x00000000d6b80000)
  from space 1024K, 59% used [0x00000000d6c80000,0x00000000d6d18310,0x00000000d6d80000)
  to   space 2560K, 0% used [0x00000000d7000000,0x00000000d7000000,0x00000000d7280000)
 ParOldGen       total 68608K, used 14612K [0x0000000080000000, 0x0000000084300000, 0x00000000d5580000)
  object space 68608K, 21% used [0x0000000080000000,0x0000000080e45360,0x0000000084300000)
 Metaspace       used 25739K, committed 26560K, reserved 1114112K
  class space    used 2549K, committed 2944K, reserved 1048576K
}
Event: 30.474 GC heap after
{Heap after GC invocations=11 (full 1):
 PSYoungGen      total 24064K, used 1967K [0x00000000d5580000, 0x00000000d7200000, 0x0000000100000000)
  eden space 22016K, 0% used [0x00000000d5580000,0x00000000d5580000,0x00000000d6b00000)
  from space 2048K, 96% used [0x00000000d7000000,0x00000000d71ebf08,0x00000000d7200000)
  to   space 2560K, 0% used [0x00000000d6d00000,0x00000000d6d00000,0x00000000d6f80000)
 ParOldGen       total 68608K, used 14620K [0x0000000080000000, 0x0000000084300000, 0x00000000d5580000)
  object space 68608K, 21% used [0x0000000080000000,0x0000000080e47360,0x0000000084300000)
 Metaspace       used 25739K, committed 26560K, reserved 1114112K
  class space    used 2549K, committed 2944K, reserved 1048576K
}
Event: 30.704 GC heap before
{Heap before GC invocations=12 (full 1):
 PSYoungGen      total 24064K, used 23983K [0x00000000d5580000, 0x00000000d7200000, 0x0000000100000000)
  eden space 22016K, 100% used [0x00000000d5580000,0x00000000d6b00000,0x00000000d6b00000)
  from space 2048K, 96% used [0x00000000d7000000,0x00000000d71ebf08,0x00000000d7200000)
  to   space 2560K, 0% used [0x00000000d6d00000,0x00000000d6d00000,0x00000000d6f80000)
 ParOldGen       total 68608K, used 14620K [0x0000000080000000, 0x0000000084300000, 0x00000000d5580000)
  object space 68608K, 21% used [0x0000000080000000,0x0000000080e47360,0x0000000084300000)
 Metaspace       used 27237K, committed 28096K, reserved 1114112K
  class space    used 2647K, committed 3008K, reserved 1048576K
}
Event: 30.706 GC heap after
{Heap after GC invocations=12 (full 1):
 PSYoungGen      total 24064K, used 1992K [0x00000000d5580000, 0x00000000d7080000, 0x0000000100000000)
  eden space 22016K, 0% used [0x00000000d5580000,0x00000000d5580000,0x00000000d6b00000)
  from space 2048K, 97% used [0x00000000d6d00000,0x00000000d6ef22b0,0x00000000d6f00000)
  to   space 1536K, 0% used [0x00000000d6f00000,0x00000000d6f00000,0x00000000d7080000)
 ParOldGen       total 68608K, used 15284K [0x0000000080000000, 0x0000000084300000, 0x00000000d5580000)
  object space 68608K, 22% used [0x0000000080000000,0x0000000080eed308,0x0000000084300000)
 Metaspace       used 27237K, committed 28096K, reserved 1114112K
  class space    used 2647K, committed 3008K, reserved 1048576K
}
Event: 31.146 GC heap before
{Heap before GC invocations=13 (full 1):
 PSYoungGen      total 24064K, used 24008K [0x00000000d5580000, 0x00000000d7080000, 0x0000000100000000)
  eden space 22016K, 100% used [0x00000000d5580000,0x00000000d6b00000,0x00000000d6b00000)
  from space 2048K, 97% used [0x00000000d6d00000,0x00000000d6ef22b0,0x00000000d6f00000)
  to   space 1536K, 0% used [0x00000000d6f00000,0x00000000d6f00000,0x00000000d7080000)
 ParOldGen       total 68608K, used 15284K [0x0000000080000000, 0x0000000084300000, 0x00000000d5580000)
  object space 68608K, 22% used [0x0000000080000000,0x0000000080eed308,0x0000000084300000)
 Metaspace       used 29485K, committed 30400K, reserved 1114112K
  class space    used 2897K, committed 3328K, reserved 1048576K
}
Event: 31.154 GC heap after
{Heap after GC invocations=13 (full 1):
 PSYoungGen      total 23040K, used 640K [0x00000000d5580000, 0x00000000d7000000, 0x0000000100000000)
  eden space 22016K, 0% used [0x00000000d5580000,0x00000000d5580000,0x00000000d6b00000)
  from space 1024K, 62% used [0x00000000d6f00000,0x00000000d6fa0000,0x00000000d7000000)
  to   space 1536K, 0% used [0x00000000d6d00000,0x00000000d6d00000,0x00000000d6e80000)
 ParOldGen       total 68608K, used 17191K [0x0000000080000000, 0x0000000084300000, 0x00000000d5580000)
  object space 68608K, 25% used [0x0000000080000000,0x00000000810c9de0,0x0000000084300000)
 Metaspace       used 29485K, committed 30400K, reserved 1114112K
  class space    used 2897K, committed 3328K, reserved 1048576K
}
Event: 31.522 GC heap before
{Heap before GC invocations=14 (full 1):
 PSYoungGen      total 23040K, used 22656K [0x00000000d5580000, 0x00000000d7000000, 0x0000000100000000)
  eden space 22016K, 100% used [0x00000000d5580000,0x00000000d6b00000,0x00000000d6b00000)
  from space 1024K, 62% used [0x00000000d6f00000,0x00000000d6fa0000,0x00000000d7000000)
  to   space 1536K, 0% used [0x00000000d6d00000,0x00000000d6d00000,0x00000000d6e80000)
 ParOldGen       total 68608K, used 17191K [0x0000000080000000, 0x0000000084300000, 0x00000000d5580000)
  object space 68608K, 25% used [0x0000000080000000,0x00000000810c9de0,0x0000000084300000)
 Metaspace       used 32249K, committed 33216K, reserved 1114112K
  class space    used 3233K, committed 3648K, reserved 1048576K
}
Event: 31.525 GC heap after
{Heap after GC invocations=14 (full 1):
 PSYoungGen      total 23552K, used 1322K [0x00000000d5580000, 0x00000000d6f80000, 0x0000000100000000)
  eden space 22016K, 0% used [0x00000000d5580000,0x00000000d5580000,0x00000000d6b00000)
  from space 1536K, 86% used [0x00000000d6d00000,0x00000000d6e4aa78,0x00000000d6e80000)
  to   space 1024K, 0% used [0x00000000d6e80000,0x00000000d6e80000,0x00000000d6f80000)
 ParOldGen       total 68608K, used 17671K [0x0000000080000000, 0x0000000084300000, 0x00000000d5580000)
  object space 68608K, 25% used [0x0000000080000000,0x0000000081141de0,0x0000000084300000)
 Metaspace       used 32249K, committed 33216K, reserved 1114112K
  class space    used 3233K, committed 3648K, reserved 1048576K
}
Event: 31.903 GC heap before
{Heap before GC invocations=15 (full 1):
 PSYoungGen      total 23552K, used 23338K [0x00000000d5580000, 0x00000000d6f80000, 0x0000000100000000)
  eden space 22016K, 100% used [0x00000000d5580000,0x00000000d6b00000,0x00000000d6b00000)
  from space 1536K, 86% used [0x00000000d6d00000,0x00000000d6e4aa78,0x00000000d6e80000)
  to   space 1024K, 0% used [0x00000000d6e80000,0x00000000d6e80000,0x00000000d6f80000)
 ParOldGen       total 68608K, used 17671K [0x0000000080000000, 0x0000000084300000, 0x00000000d5580000)
  object space 68608K, 25% used [0x0000000080000000,0x0000000081141de0,0x0000000084300000)
 Metaspace       used 33812K, committed 34880K, reserved 1114112K
  class space    used 3430K, committed 3840K, reserved 1048576K
}
Event: 31.907 GC heap after
{Heap after GC invocations=15 (full 1):
 PSYoungGen      total 23040K, used 912K [0x00000000d5580000, 0x00000000d6f80000, 0x0000000100000000)
  eden space 22016K, 0% used [0x00000000d5580000,0x00000000d5580000,0x00000000d6b00000)
  from space 1024K, 89% used [0x00000000d6e80000,0x00000000d6f64010,0x00000000d6f80000)
  to   space 1536K, 0% used [0x00000000d6c80000,0x00000000d6c80000,0x00000000d6e00000)
 ParOldGen       total 68608K, used 18835K [0x0000000080000000, 0x0000000084300000, 0x00000000d5580000)
  object space 68608K, 27% used [0x0000000080000000,0x0000000081264c78,0x0000000084300000)
 Metaspace       used 33812K, committed 34880K, reserved 1114112K
  class space    used 3430K, committed 3840K, reserved 1048576K
}
Event: 32.058 GC heap before
{Heap before GC invocations=16 (full 1):
 PSYoungGen      total 23040K, used 10337K [0x00000000d5580000, 0x00000000d6f80000, 0x0000000100000000)
  eden space 22016K, 42% used [0x00000000d5580000,0x00000000d5eb44a8,0x00000000d6b00000)
  from space 1024K, 89% used [0x00000000d6e80000,0x00000000d6f64010,0x00000000d6f80000)
  to   space 1536K, 0% used [0x00000000d6c80000,0x00000000d6c80000,0x00000000d6e00000)
 ParOldGen       total 68608K, used 18835K [0x0000000080000000, 0x0000000084300000, 0x00000000d5580000)
  object space 68608K, 27% used [0x0000000080000000,0x0000000081264c78,0x0000000084300000)
 Metaspace       used 34811K, committed 35840K, reserved 1114112K
  class space    used 3553K, committed 3968K, reserved 1048576K
}
Event: 32.061 GC heap after
{Heap after GC invocations=16 (full 1):
 PSYoungGen      total 23552K, used 525K [0x00000000d5580000, 0x00000000d6f00000, 0x0000000100000000)
  eden space 22016K, 0% used [0x00000000d5580000,0x00000000d5580000,0x00000000d6b00000)
  from space 1536K, 34% used [0x00000000d6c80000,0x00000000d6d03500,0x00000000d6e00000)
  to   space 1024K, 0% used [0x00000000d6e00000,0x00000000d6e00000,0x00000000d6f00000)
 ParOldGen       total 68608K, used 19571K [0x0000000080000000, 0x0000000084300000, 0x00000000d5580000)
  object space 68608K, 28% used [0x0000000080000000,0x000000008131cf88,0x0000000084300000)
 Metaspace       used 34811K, committed 35840K, reserved 1114112K
  class space    used 3553K, committed 3968K, reserved 1048576K
}
Event: 32.061 GC heap before
{Heap before GC invocations=17 (full 2):
 PSYoungGen      total 23552K, used 525K [0x00000000d5580000, 0x00000000d6f00000, 0x0000000100000000)
  eden space 22016K, 0% used [0x00000000d5580000,0x00000000d5580000,0x00000000d6b00000)
  from space 1536K, 34% used [0x00000000d6c80000,0x00000000d6d03500,0x00000000d6e00000)
  to   space 1024K, 0% used [0x00000000d6e00000,0x00000000d6e00000,0x00000000d6f00000)
 ParOldGen       total 68608K, used 19571K [0x0000000080000000, 0x0000000084300000, 0x00000000d5580000)
  object space 68608K, 28% used [0x0000000080000000,0x000000008131cf88,0x0000000084300000)
 Metaspace       used 34811K, committed 35840K, reserved 1114112K
  class space    used 3553K, committed 3968K, reserved 1048576K
}
Event: 32.138 GC heap after
{Heap after GC invocations=17 (full 2):
 PSYoungGen      total 23552K, used 0K [0x00000000d5580000, 0x00000000d6f00000, 0x0000000100000000)
  eden space 22016K, 0% used [0x00000000d5580000,0x00000000d5580000,0x00000000d6b00000)
  from space 1536K, 0% used [0x00000000d6c80000,0x00000000d6c80000,0x00000000d6e00000)
  to   space 1024K, 0% used [0x00000000d6e00000,0x00000000d6e00000,0x00000000d6f00000)
 ParOldGen       total 68608K, used 19503K [0x0000000080000000, 0x0000000084300000, 0x00000000d5580000)
  object space 68608K, 28% used [0x0000000080000000,0x000000008130bfd0,0x0000000084300000)
 Metaspace       used 34811K, committed 35840K, reserved 1114112K
  class space    used 3553K, committed 3968K, reserved 1048576K
}
Event: 32.433 GC heap before
{Heap before GC invocations=18 (full 2):
 PSYoungGen      total 23552K, used 22016K [0x00000000d5580000, 0x00000000d6f00000, 0x0000000100000000)
  eden space 22016K, 100% used [0x00000000d5580000,0x00000000d6b00000,0x00000000d6b00000)
  from space 1536K, 0% used [0x00000000d6c80000,0x00000000d6c80000,0x00000000d6e00000)
  to   space 1024K, 0% used [0x00000000d6e00000,0x00000000d6e00000,0x00000000d6f00000)
 ParOldGen       total 68608K, used 19503K [0x0000000080000000, 0x0000000084300000, 0x00000000d5580000)
  object space 68608K, 28% used [0x0000000080000000,0x000000008130bfd0,0x0000000084300000)
 Metaspace       used 36892K, committed 38016K, reserved 1114112K
  class space    used 3841K, committed 4288K, reserved 1048576K
}
Event: 32.435 GC heap after
{Heap after GC invocations=18 (full 2):
 PSYoungGen      total 23040K, used 608K [0x00000000d5580000, 0x00000000d6f00000, 0x0000000100000000)
  eden space 22016K, 0% used [0x00000000d5580000,0x00000000d5580000,0x00000000d6b00000)
  from space 1024K, 59% used [0x00000000d6e00000,0x00000000d6e98000,0x00000000d6f00000)
  to   space 1024K, 0% used [0x00000000d6d00000,0x00000000d6d00000,0x00000000d6e00000)
 ParOldGen       total 68608K, used 19511K [0x0000000080000000, 0x0000000084300000, 0x00000000d5580000)
  object space 68608K, 28% used [0x0000000080000000,0x000000008130dfd0,0x0000000084300000)
 Metaspace       used 36892K, committed 38016K, reserved 1114112K
  class space    used 3841K, committed 4288K, reserved 1048576K
}
Event: 32.673 GC heap before
{Heap before GC invocations=19 (full 2):
 PSYoungGen      total 23040K, used 22624K [0x00000000d5580000, 0x00000000d6f00000, 0x0000000100000000)
  eden space 22016K, 100% used [0x00000000d5580000,0x00000000d6b00000,0x00000000d6b00000)
  from space 1024K, 59% used [0x00000000d6e00000,0x00000000d6e98000,0x00000000d6f00000)
  to   space 1024K, 0% used [0x00000000d6d00000,0x00000000d6d00000,0x00000000d6e00000)
 ParOldGen       total 68608K, used 19511K [0x0000000080000000, 0x0000000084300000, 0x00000000d5580000)
  object space 68608K, 28% used [0x0000000080000000,0x000000008130dfd0,0x0000000084300000)
 Metaspace       used 38862K, committed 39936K, reserved 1114112K
  class space    used 4092K, committed 4544K, reserved 1048576K
}
Event: 32.678 GC heap after
{Heap after GC invocations=19 (full 2):
 PSYoungGen      total 23040K, used 994K [0x00000000d5580000, 0x00000000d7100000, 0x0000000100000000)
  eden space 22016K, 0% used [0x00000000d5580000,0x00000000d5580000,0x00000000d6b00000)
  from space 1024K, 97% used [0x00000000d6d00000,0x00000000d6df8b78,0x00000000d6e00000)
  to   space 3072K, 0% used [0x00000000d6e00000,0x00000000d6e00000,0x00000000d7100000)
 ParOldGen       total 68608K, used 20885K [0x0000000080000000, 0x0000000084300000, 0x00000000d5580000)
  object space 68608K, 30% used [0x0000000080000000,0x00000000814654e0,0x0000000084300000)
 Metaspace       used 38862K, committed 39936K, reserved 1114112K
  class space    used 4092K, committed 4544K, reserved 1048576K
}
Event: 33.019 GC heap before
{Heap before GC invocations=20 (full 2):
 PSYoungGen      total 23040K, used 23010K [0x00000000d5580000, 0x00000000d7100000, 0x0000000100000000)
  eden space 22016K, 100% used [0x00000000d5580000,0x00000000d6b00000,0x00000000d6b00000)
  from space 1024K, 97% used [0x00000000d6d00000,0x00000000d6df8b78,0x00000000d6e00000)
  to   space 3072K, 0% used [0x00000000d6e00000,0x00000000d6e00000,0x00000000d7100000)
 ParOldGen       total 68608K, used 20885K [0x0000000080000000, 0x0000000084300000, 0x00000000d5580000)
  object space 68608K, 30% used [0x0000000080000000,0x00000000814654e0,0x0000000084300000)
 Metaspace       used 41029K, committed 42176K, reserved 1114112K
  class space    used 4344K, committed 4800K, reserved 1048576K
}
Event: 33.024 GC heap after
{Heap after GC invocations=20 (full 2):
 PSYoungGen      total 25088K, used 2955K [0x00000000d5580000, 0x00000000d7100000, 0x0000000100000000)
  eden space 22016K, 0% used [0x00000000d5580000,0x00000000d5580000,0x00000000d6b00000)
  from space 3072K, 96% used [0x00000000d6e00000,0x00000000d70e2d80,0x00000000d7100000)
  to   space 1024K, 0% used [0x00000000d6d00000,0x00000000d6d00000,0x00000000d6e00000)
 ParOldGen       total 68608K, used 22152K [0x0000000080000000, 0x0000000084300000, 0x00000000d5580000)
  object space 68608K, 32% used [0x0000000080000000,0x00000000815a2270,0x0000000084300000)
 Metaspace       used 41029K, committed 42176K, reserved 1114112K
  class space    used 4344K, committed 4800K, reserved 1048576K
}

