# JRE version: OpenJDK Runtime Environment Temurin-21.0.8+9 (21.0.8+9) (build 21.0.8+9-LTS)
# Java VM: OpenJDK 64-Bit Server VM Temurin-21.0.8+9 (21.0.8+9-LTS, mixed mode, sharing, tiered, compressed oops, compressed class ptrs, parallel gc, windows-amd64)
GC Precious Log:
 CardTable entry size: 512
 CPUs: 4 total, 4 available
 Memory: 8106M
 Large Page Support: Disabled
 NUMA Support: Disabled
 Compressed Oops: Enabled (32-bit)
 Alignments: Space 512K, Generation 512K, Heap 2M
 Heap Min Capacity: 100M
 Heap Initial Capacity: 100M
 Heap Max Capacity: 2G
 Pre-touch: Disabled
 Parallel Workers: 4
Heap:
 PSYoungGen      total 2560K, used 986K [0x00000000d5580000, 0x00000000d5a80000, 0x0000000100000000)
  eden space 2048K, 43% used [0x00000000d5580000,0x00000000d565eb88,0x00000000d5780000)
  from space 512K, 18% used [0x00000000d5980000,0x00000000d5998000,0x00000000d5a00000)
  to   space 512K, 0% used [0x00000000d5a00000,0x00000000d5a00000,0x00000000d5a80000)
 ParOldGen       total 955904K, used 955864K [0x0000000080000000, 0x00000000ba580000, 0x00000000d5580000)
  object space 955904K, 99% used [0x0000000080000000,0x00000000ba576018,0x00000000ba580000)
 Metaspace       used 68378K, committed 69824K, reserved 1114112K
  class space    used 7002K, committed 7616K, reserved 1048576K
GC Heap History (20 events):
Event: 108.554 GC heap before
{Heap before GC invocations=1745 (full 3):
 PSYoungGen      total 3072K, used 3052K [0x00000000d5580000, 0x00000000d5c00000, 0x0000000100000000)
  eden space 2048K, 100% used [0x00000000d5580000,0x00000000d5780000,0x00000000d5780000)
  from space 1024K, 98% used [0x00000000d5780000,0x00000000d587b0f8,0x00000000d5880000)
  to   space 2048K, 0% used [0x00000000d5a00000,0x00000000d5a00000,0x00000000d5c00000)
 ParOldGen       total 945152K, used 944829K [0x0000000080000000, 0x00000000b9b00000, 0x00000000d5580000)
  object space 945152K, 99% used [0x0000000080000000,0x00000000b9aaf6a8,0x00000000b9b00000)
 Metaspace       used 67971K, committed 69440K, reserved 1114112K
  class space    used 6965K, committed 7552K, reserved 1048576K
}
Event: 108.561 GC heap after
{Heap after GC invocations=1745 (full 3):
 PSYoungGen      total 3584K, used 806K [0x00000000d5580000, 0x00000000d5b00000, 0x0000000100000000)
  eden space 2560K, 0% used [0x00000000d5580000,0x00000000d5580000,0x00000000d5800000)
  from space 1024K, 78% used [0x00000000d5a00000,0x00000000d5ac9808,0x00000000d5b00000)
  to   space 1536K, 0% used [0x00000000d5800000,0x00000000d5800000,0x00000000d5980000)
 ParOldGen       total 945664K, used 945469K [0x0000000080000000, 0x00000000b9b80000, 0x00000000d5580000)
  object space 945664K, 99% used [0x0000000080000000,0x00000000b9b4f5a0,0x00000000b9b80000)
 Metaspace       used 67971K, committed 69440K, reserved 1114112K
  class space    used 6965K, committed 7552K, reserved 1048576K
}
Event: 108.587 GC heap before
{Heap before GC invocations=1746 (full 3):
 PSYoungGen      total 3584K, used 3366K [0x00000000d5580000, 0x00000000d5b00000, 0x0000000100000000)
  eden space 2560K, 100% used [0x00000000d5580000,0x00000000d5800000,0x00000000d5800000)
  from space 1024K, 78% used [0x00000000d5a00000,0x00000000d5ac9808,0x00000000d5b00000)
  to   space 1536K, 0% used [0x00000000d5800000,0x00000000d5800000,0x00000000d5980000)
 ParOldGen       total 945664K, used 945469K [0x0000000080000000, 0x00000000b9b80000, 0x00000000d5580000)
  object space 945664K, 99% used [0x0000000080000000,0x00000000b9b4f5a0,0x00000000b9b80000)
 Metaspace       used 67972K, committed 69440K, reserved 1114112K
  class space    used 6965K, committed 7552K, reserved 1048576K
}
Event: 108.591 GC heap after
{Heap after GC invocations=1746 (full 3):
 PSYoungGen      total 4096K, used 1529K [0x00000000d5580000, 0x00000000d5d80000, 0x0000000100000000)
  eden space 2560K, 0% used [0x00000000d5580000,0x00000000d5580000,0x00000000d5800000)
  from space 1536K, 99% used [0x00000000d5800000,0x00000000d597e760,0x00000000d5980000)
  to   space 2560K, 0% used [0x00000000d5b00000,0x00000000d5b00000,0x00000000d5d80000)
 ParOldGen       total 946176K, used 945897K [0x0000000080000000, 0x00000000b9c00000, 0x00000000d5580000)
  object space 946176K, 99% used [0x0000000080000000,0x00000000b9bba5b8,0x00000000b9c00000)
 Metaspace       used 67972K, committed 69440K, reserved 1114112K
  class space    used 6965K, committed 7552K, reserved 1048576K
}
Event: 108.614 GC heap before
{Heap before GC invocations=1747 (full 3):
 PSYoungGen      total 4096K, used 4089K [0x00000000d5580000, 0x00000000d5d80000, 0x0000000100000000)
  eden space 2560K, 100% used [0x00000000d5580000,0x00000000d5800000,0x00000000d5800000)
  from space 1536K, 99% used [0x00000000d5800000,0x00000000d597e760,0x00000000d5980000)
  to   space 2560K, 0% used [0x00000000d5b00000,0x00000000d5b00000,0x00000000d5d80000)
 ParOldGen       total 946176K, used 945897K [0x0000000080000000, 0x00000000b9c00000, 0x00000000d5580000)
  object space 946176K, 99% used [0x0000000080000000,0x00000000b9bba5b8,0x00000000b9c00000)
 Metaspace       used 68000K, committed 69504K, reserved 1114112K
  class space    used 6968K, committed 7616K, reserved 1048576K
}
Event: 108.620 GC heap after
{Heap after GC invocations=1747 (full 3):
 PSYoungGen      total 5632K, used 2304K [0x00000000d5580000, 0x00000000d5d80000, 0x0000000100000000)
  eden space 3072K, 0% used [0x00000000d5580000,0x00000000d5580000,0x00000000d5880000)
  from space 2560K, 90% used [0x00000000d5b00000,0x00000000d5d40000,0x00000000d5d80000)
  to   space 2560K, 0% used [0x00000000d5880000,0x00000000d5880000,0x00000000d5b00000)
 ParOldGen       total 947712K, used 947447K [0x0000000080000000, 0x00000000b9d80000, 0x00000000d5580000)
  object space 947712K, 99% used [0x0000000080000000,0x00000000b9d3dd38,0x00000000b9d80000)
 Metaspace       used 68000K, committed 69504K, reserved 1114112K
  class space    used 6968K, committed 7616K, reserved 1048576K
}
Event: 108.666 GC heap before
{Heap before GC invocations=1748 (full 3):
 PSYoungGen      total 5632K, used 5376K [0x00000000d5580000, 0x00000000d5d80000, 0x0000000100000000)
  eden space 3072K, 100% used [0x00000000d5580000,0x00000000d5880000,0x00000000d5880000)
  from space 2560K, 90% used [0x00000000d5b00000,0x00000000d5d40000,0x00000000d5d80000)
  to   space 2560K, 0% used [0x00000000d5880000,0x00000000d5880000,0x00000000d5b00000)
 ParOldGen       total 947712K, used 947447K [0x0000000080000000, 0x00000000b9d80000, 0x00000000d5580000)
  object space 947712K, 99% used [0x0000000080000000,0x00000000b9d3dd38,0x00000000b9d80000)
 Metaspace       used 68112K, committed 69632K, reserved 1114112K
  class space    used 6976K, committed 7616K, reserved 1048576K
}
Event: 108.675 GC heap after
{Heap after GC invocations=1748 (full 3):
 PSYoungGen      total 5632K, used 2152K [0x00000000d5580000, 0x00000000d5e80000, 0x0000000100000000)
  eden space 3072K, 0% used [0x00000000d5580000,0x00000000d5580000,0x00000000d5880000)
  from space 2560K, 84% used [0x00000000d5880000,0x00000000d5a9a190,0x00000000d5b00000)
  to   space 2560K, 0% used [0x00000000d5c00000,0x00000000d5c00000,0x00000000d5e80000)
 ParOldGen       total 949760K, used 949703K [0x0000000080000000, 0x00000000b9f80000, 0x00000000d5580000)
  object space 949760K, 99% used [0x0000000080000000,0x00000000b9f71d38,0x00000000b9f80000)
 Metaspace       used 68112K, committed 69632K, reserved 1114112K
  class space    used 6976K, committed 7616K, reserved 1048576K
}
Event: 108.692 GC heap before
{Heap before GC invocations=1749 (full 3):
 PSYoungGen      total 5632K, used 5224K [0x00000000d5580000, 0x00000000d5e80000, 0x0000000100000000)
  eden space 3072K, 99% used [0x00000000d5580000,0x00000000d587fff0,0x00000000d5880000)
  from space 2560K, 84% used [0x00000000d5880000,0x00000000d5a9a190,0x00000000d5b00000)
  to   space 2560K, 0% used [0x00000000d5c00000,0x00000000d5c00000,0x00000000d5e80000)
 ParOldGen       total 949760K, used 949703K [0x0000000080000000, 0x00000000b9f80000, 0x00000000d5580000)
  object space 949760K, 99% used [0x0000000080000000,0x00000000b9f71d38,0x00000000b9f80000)
 Metaspace       used 68136K, committed 69632K, reserved 1114112K
  class space    used 6978K, committed 7616K, reserved 1048576K
}
Event: 108.698 GC heap after
{Heap after GC invocations=1749 (full 3):
 PSYoungGen      total 4096K, used 2539K [0x00000000d5580000, 0x00000000d6380000, 0x0000000100000000)
  eden space 1536K, 0% used [0x00000000d5580000,0x00000000d5580000,0x00000000d5700000)
  from space 2560K, 99% used [0x00000000d5c00000,0x00000000d5e7ac60,0x00000000d5e80000)
  to   space 5120K, 0% used [0x00000000d5700000,0x00000000d5700000,0x00000000d5c00000)
 ParOldGen       total 951808K, used 951463K [0x0000000080000000, 0x00000000ba180000, 0x00000000d5580000)
  object space 951808K, 99% used [0x0000000080000000,0x00000000ba129d38,0x00000000ba180000)
 Metaspace       used 68136K, committed 69632K, reserved 1114112K
  class space    used 6978K, committed 7616K, reserved 1048576K
}
Event: 108.709 GC heap before
{Heap before GC invocations=1750 (full 3):
 PSYoungGen      total 4096K, used 4075K [0x00000000d5580000, 0x00000000d6380000, 0x0000000100000000)
  eden space 1536K, 100% used [0x00000000d5580000,0x00000000d5700000,0x00000000d5700000)
  from space 2560K, 99% used [0x00000000d5c00000,0x00000000d5e7ac60,0x00000000d5e80000)
  to   space 5120K, 0% used [0x00000000d5700000,0x00000000d5700000,0x00000000d5c00000)
 ParOldGen       total 951808K, used 951463K [0x0000000080000000, 0x00000000ba180000, 0x00000000d5580000)
  object space 951808K, 99% used [0x0000000080000000,0x00000000ba129d38,0x00000000ba180000)
 Metaspace       used 68139K, committed 69632K, reserved 1114112K
  class space    used 6979K, committed 7616K, reserved 1048576K
}
Event: 108.715 GC heap after
{Heap after GC invocations=1750 (full 3):
 PSYoungGen      total 3072K, used 1184K [0x00000000d5580000, 0x00000000d5c80000, 0x0000000100000000)
  eden space 1536K, 0% used [0x00000000d5580000,0x00000000d5580000,0x00000000d5700000)
  from space 1536K, 77% used [0x00000000d5700000,0x00000000d5828020,0x00000000d5880000)
  to   space 2560K, 0% used [0x00000000d5a00000,0x00000000d5a00000,0x00000000d5c80000)
 ParOldGen       total 953856K, used 953727K [0x0000000080000000, 0x00000000ba380000, 0x00000000d5580000)
  object space 953856K, 99% used [0x0000000080000000,0x00000000ba35ffc8,0x00000000ba380000)
 Metaspace       used 68139K, committed 69632K, reserved 1114112K
  class space    used 6979K, committed 7616K, reserved 1048576K
}
Event: 108.734 GC heap before
{Heap before GC invocations=1751 (full 3):
 PSYoungGen      total 3072K, used 2720K [0x00000000d5580000, 0x00000000d5c80000, 0x0000000100000000)
  eden space 1536K, 100% used [0x00000000d5580000,0x00000000d5700000,0x00000000d5700000)
  from space 1536K, 77% used [0x00000000d5700000,0x00000000d5828020,0x00000000d5880000)
  to   space 2560K, 0% used [0x00000000d5a00000,0x00000000d5a00000,0x00000000d5c80000)
 ParOldGen       total 953856K, used 953727K [0x0000000080000000, 0x00000000ba380000, 0x00000000d5580000)
  object space 953856K, 99% used [0x0000000080000000,0x00000000ba35ffc8,0x00000000ba380000)
 Metaspace       used 68148K, committed 69632K, reserved 1114112K
  class space    used 6979K, committed 7616K, reserved 1048576K
}
Event: 108.742 GC heap after
{Heap after GC invocations=1751 (full 3):
 PSYoungGen      total 3072K, used 576K [0x00000000d5580000, 0x00000000d5b00000, 0x0000000100000000)
  eden space 2048K, 0% used [0x00000000d5580000,0x00000000d5580000,0x00000000d5780000)
  from space 1024K, 56% used [0x00000000d5a00000,0x00000000d5a90000,0x00000000d5b00000)
  to   space 1024K, 0% used [0x00000000d5900000,0x00000000d5900000,0x00000000d5a00000)
 ParOldGen       total 954880K, used 954871K [0x0000000080000000, 0x00000000ba480000, 0x00000000d5580000)
  object space 954880K, 99% used [0x0000000080000000,0x00000000ba47dfe8,0x00000000ba480000)
 Metaspace       used 68148K, committed 69632K, reserved 1114112K
  class space    used 6979K, committed 7616K, reserved 1048576K
}
Event: 336.510 GC heap before
{Heap before GC invocations=1752 (full 3):
 PSYoungGen      total 3072K, used 2624K [0x00000000d5580000, 0x00000000d5b00000, 0x0000000100000000)
  eden space 2048K, 100% used [0x00000000d5580000,0x00000000d5780000,0x00000000d5780000)
  from space 1024K, 56% used [0x00000000d5a00000,0x00000000d5a90000,0x00000000d5b00000)
  to   space 1024K, 0% used [0x00000000d5900000,0x00000000d5900000,0x00000000d5a00000)
 ParOldGen       total 954880K, used 954871K [0x0000000080000000, 0x00000000ba480000, 0x00000000d5580000)
  object space 954880K, 99% used [0x0000000080000000,0x00000000ba47dfe8,0x00000000ba480000)
 Metaspace       used 68162K, committed 69632K, reserved 1114112K
  class space    used 6979K, committed 7616K, reserved 1048576K
}
Event: 336.517 GC heap after
{Heap after GC invocations=1752 (full 3):
 PSYoungGen      total 3072K, used 192K [0x00000000d5580000, 0x00000000d5a80000, 0x0000000100000000)
  eden space 2048K, 0% used [0x00000000d5580000,0x00000000d5580000,0x00000000d5780000)
  from space 1024K, 18% used [0x00000000d5900000,0x00000000d5930020,0x00000000d5a00000)
  to   space 512K, 0% used [0x00000000d5a00000,0x00000000d5a00000,0x00000000d5a80000)
 ParOldGen       total 955904K, used 955399K [0x0000000080000000, 0x00000000ba580000, 0x00000000d5580000)
  object space 955904K, 99% used [0x0000000080000000,0x00000000ba501fe8,0x00000000ba580000)
 Metaspace       used 68162K, committed 69632K, reserved 1114112K
  class space    used 6979K, committed 7616K, reserved 1048576K
}
Event: 344.886 GC heap before
{Heap before GC invocations=1753 (full 3):
 PSYoungGen      total 3072K, used 2240K [0x00000000d5580000, 0x00000000d5a80000, 0x0000000100000000)
  eden space 2048K, 99% used [0x00000000d5580000,0x00000000d577fff0,0x00000000d5780000)
  from space 1024K, 18% used [0x00000000d5900000,0x00000000d5930020,0x00000000d5a00000)
  to   space 512K, 0% used [0x00000000d5a00000,0x00000000d5a00000,0x00000000d5a80000)
 ParOldGen       total 955904K, used 955399K [0x0000000080000000, 0x00000000ba580000, 0x00000000d5580000)
  object space 955904K, 99% used [0x0000000080000000,0x00000000ba501fe8,0x00000000ba580000)
 Metaspace       used 68198K, committed 69632K, reserved 1114112K
  class space    used 6985K, committed 7616K, reserved 1048576K
}
Event: 344.893 GC heap after
{Heap after GC invocations=1753 (full 3):
 PSYoungGen      total 2560K, used 352K [0x00000000d5580000, 0x00000000d5a80000, 0x0000000100000000)
  eden space 2048K, 0% used [0x00000000d5580000,0x00000000d5580000,0x00000000d5780000)
  from space 512K, 68% used [0x00000000d5a00000,0x00000000d5a58000,0x00000000d5a80000)
  to   space 512K, 0% used [0x00000000d5980000,0x00000000d5980000,0x00000000d5a00000)
 ParOldGen       total 955904K, used 955568K [0x0000000080000000, 0x00000000ba580000, 0x00000000d5580000)
  object space 955904K, 99% used [0x0000000080000000,0x00000000ba52c018,0x00000000ba580000)
 Metaspace       used 68198K, committed 69632K, reserved 1114112K
  class space    used 6985K, committed 7616K, reserved 1048576K
}
Event: 344.964 GC heap before
{Heap before GC invocations=1754 (full 3):
 PSYoungGen      total 2560K, used 2400K [0x00000000d5580000, 0x00000000d5a80000, 0x0000000100000000)
  eden space 2048K, 100% used [0x00000000d5580000,0x00000000d5780000,0x00000000d5780000)
  from space 512K, 68% used [0x00000000d5a00000,0x00000000d5a58000,0x00000000d5a80000)
  to   space 512K, 0% used [0x00000000d5980000,0x00000000d5980000,0x00000000d5a00000)
 ParOldGen       total 955904K, used 955568K [0x0000000080000000, 0x00000000ba580000, 0x00000000d5580000)
  object space 955904K, 99% used [0x0000000080000000,0x00000000ba52c018,0x00000000ba580000)
 Metaspace       used 68361K, committed 69824K, reserved 1114112K
  class space    used 7000K, committed 7616K, reserved 1048576K
}
Event: 344.975 GC heap after
{Heap after GC invocations=1754 (full 3):
 PSYoungGen      total 2560K, used 96K [0x00000000d5580000, 0x00000000d5a80000, 0x0000000100000000)
  eden space 2048K, 0% used [0x00000000d5580000,0x00000000d5580000,0x00000000d5780000)
  from space 512K, 18% used [0x00000000d5980000,0x00000000d5998000,0x00000000d5a00000)
  to   space 512K, 0% used [0x00000000d5a00000,0x00000000d5a00000,0x00000000d5a80000)
 ParOldGen       total 955904K, used 955864K [0x0000000080000000, 0x00000000ba580000, 0x00000000d5580000)
  object space 955904K, 99% used [0x0000000080000000,0x00000000ba576018,0x00000000ba580000)
 Metaspace       used 68361K, committed 69824K, reserved 1114112K
  class space    used 7000K, committed 7616K, reserved 1048576K
}

