# JRE version: OpenJDK Runtime Environment Temurin-21.0.8+9 (21.0.8+9) (build 21.0.8+9-LTS)
# Java VM: OpenJDK 64-Bit Server VM Temurin-21.0.8+9 (21.0.8+9-LTS, mixed mode, sharing, tiered, compressed oops, compressed class ptrs, parallel gc, windows-amd64)
GC Precious Log:
 CardTable entry size: 512
 CPUs: 4 total, 4 available
 Memory: 8106M
 Large Page Support: Disabled
 NUMA Support: Disabled
 Compressed Oops: Enabled (32-bit)
 Alignments: Space 512K, Generation 512K, Heap 2M
 Heap Min Capacity: 100M
 Heap Initial Capacity: 100M
 Heap Max Capacity: 2G
 Pre-touch: Disabled
 Parallel Workers: 4
Heap:
 PSYoungGen      total 20992K, used 16502K [0x00000000d5580000, 0x00000000d6c80000, 0x0000000100000000)
  eden space 19456K, 77% used [0x00000000d5580000,0x00000000d6425928,0x00000000d6880000)
  from space 1536K, 97% used [0x00000000d6a80000,0x00000000d6bf8000,0x00000000d6c00000)
  to   space 2048K, 0% used [0x00000000d6880000,0x00000000d6880000,0x00000000d6a80000)
 ParOldGen       total 68608K, used 40751K [0x0000000080000000, 0x0000000084300000, 0x00000000d5580000)
  object space 68608K, 59% used [0x0000000080000000,0x00000000827cbc90,0x0000000084300000)
 Metaspace       used 51877K, committed 53184K, reserved 1114112K
  class space    used 5571K, committed 6144K, reserved 1048576K
GC Heap History (20 events):
Event: 39.601 GC heap before
{Heap before GC invocations=25 (full 2):
 PSYoungGen      total 22016K, used 21632K [0x00000000d5580000, 0x00000000d6c80000, 0x0000000100000000)
  eden space 21504K, 100% used [0x00000000d5580000,0x00000000d6a80000,0x00000000d6a80000)
  from space 512K, 25% used [0x00000000d6c00000,0x00000000d6c20000,0x00000000d6c80000)
  to   space 512K, 0% used [0x00000000d6b80000,0x00000000d6b80000,0x00000000d6c00000)
 ParOldGen       total 68608K, used 26061K [0x0000000080000000, 0x0000000084300000, 0x00000000d5580000)
  object space 68608K, 37% used [0x0000000080000000,0x00000000819736c0,0x0000000084300000)
 Metaspace       used 47460K, committed 48640K, reserved 1114112K
  class space    used 5148K, committed 5696K, reserved 1048576K
}
Event: 39.602 GC heap after
{Heap after GC invocations=25 (full 2):
 PSYoungGen      total 22016K, used 280K [0x00000000d5580000, 0x00000000d6c80000, 0x0000000100000000)
  eden space 21504K, 0% used [0x00000000d5580000,0x00000000d5580000,0x00000000d6a80000)
  from space 512K, 54% used [0x00000000d6b80000,0x00000000d6bc61a8,0x00000000d6c00000)
  to   space 512K, 0% used [0x00000000d6c00000,0x00000000d6c00000,0x00000000d6c80000)
 ParOldGen       total 68608K, used 26093K [0x0000000080000000, 0x0000000084300000, 0x00000000d5580000)
  object space 68608K, 38% used [0x0000000080000000,0x000000008197b6c0,0x0000000084300000)
 Metaspace       used 47460K, committed 48640K, reserved 1114112K
  class space    used 5148K, committed 5696K, reserved 1048576K
}
Event: 40.306 GC heap before
{Heap before GC invocations=26 (full 2):
 PSYoungGen      total 22016K, used 21784K [0x00000000d5580000, 0x00000000d6c80000, 0x0000000100000000)
  eden space 21504K, 100% used [0x00000000d5580000,0x00000000d6a80000,0x00000000d6a80000)
  from space 512K, 54% used [0x00000000d6b80000,0x00000000d6bc61a8,0x00000000d6c00000)
  to   space 512K, 0% used [0x00000000d6c00000,0x00000000d6c00000,0x00000000d6c80000)
 ParOldGen       total 68608K, used 26093K [0x0000000080000000, 0x0000000084300000, 0x00000000d5580000)
  object space 68608K, 38% used [0x0000000080000000,0x000000008197b6c0,0x0000000084300000)
 Metaspace       used 48966K, committed 50240K, reserved 1114112K
  class space    used 5286K, committed 5888K, reserved 1048576K
}
Event: 40.310 GC heap after
{Heap after GC invocations=26 (full 2):
 PSYoungGen      total 22016K, used 496K [0x00000000d5580000, 0x00000000d6d80000, 0x0000000100000000)
  eden space 21504K, 0% used [0x00000000d5580000,0x00000000d5580000,0x00000000d6a80000)
  from space 512K, 96% used [0x00000000d6c00000,0x00000000d6c7c010,0x00000000d6c80000)
  to   space 1536K, 0% used [0x00000000d6a80000,0x00000000d6a80000,0x00000000d6c00000)
 ParOldGen       total 68608K, used 26716K [0x0000000080000000, 0x0000000084300000, 0x00000000d5580000)
  object space 68608K, 38% used [0x0000000080000000,0x0000000081a172f8,0x0000000084300000)
 Metaspace       used 48966K, committed 50240K, reserved 1114112K
  class space    used 5286K, committed 5888K, reserved 1048576K
}
Event: 40.507 GC heap before
{Heap before GC invocations=27 (full 2):
 PSYoungGen      total 22016K, used 22000K [0x00000000d5580000, 0x00000000d6d80000, 0x0000000100000000)
  eden space 21504K, 100% used [0x00000000d5580000,0x00000000d6a80000,0x00000000d6a80000)
  from space 512K, 96% used [0x00000000d6c00000,0x00000000d6c7c010,0x00000000d6c80000)
  to   space 1536K, 0% used [0x00000000d6a80000,0x00000000d6a80000,0x00000000d6c00000)
 ParOldGen       total 68608K, used 26716K [0x0000000080000000, 0x0000000084300000, 0x00000000d5580000)
  object space 68608K, 38% used [0x0000000080000000,0x0000000081a172f8,0x0000000084300000)
 Metaspace       used 49186K, committed 50432K, reserved 1114112K
  class space    used 5301K, committed 5888K, reserved 1048576K
}
Event: 40.511 GC heap after
{Heap after GC invocations=27 (full 2):
 PSYoungGen      total 23040K, used 1504K [0x00000000d5580000, 0x00000000d7180000, 0x0000000100000000)
  eden space 21504K, 0% used [0x00000000d5580000,0x00000000d5580000,0x00000000d6a80000)
  from space 1536K, 97% used [0x00000000d6a80000,0x00000000d6bf8030,0x00000000d6c00000)
  to   space 3584K, 0% used [0x00000000d6e00000,0x00000000d6e00000,0x00000000d7180000)
 ParOldGen       total 68608K, used 27997K [0x0000000080000000, 0x0000000084300000, 0x00000000d5580000)
  object space 68608K, 40% used [0x0000000080000000,0x0000000081b57548,0x0000000084300000)
 Metaspace       used 49186K, committed 50432K, reserved 1114112K
  class space    used 5301K, committed 5888K, reserved 1048576K
}
Event: 41.024 GC heap before
{Heap before GC invocations=28 (full 2):
 PSYoungGen      total 23040K, used 23008K [0x00000000d5580000, 0x00000000d7180000, 0x0000000100000000)
  eden space 21504K, 100% used [0x00000000d5580000,0x00000000d6a80000,0x00000000d6a80000)
  from space 1536K, 97% used [0x00000000d6a80000,0x00000000d6bf8030,0x00000000d6c00000)
  to   space 3584K, 0% used [0x00000000d6e00000,0x00000000d6e00000,0x00000000d7180000)
 ParOldGen       total 68608K, used 27997K [0x0000000080000000, 0x0000000084300000, 0x00000000d5580000)
  object space 68608K, 40% used [0x0000000080000000,0x0000000081b57548,0x0000000084300000)
 Metaspace       used 49582K, committed 50880K, reserved 1114112K
  class space    used 5361K, committed 5952K, reserved 1048576K
}
Event: 41.030 GC heap after
{Heap after GC invocations=28 (full 2):
 PSYoungGen      total 24576K, used 2609K [0x00000000d5580000, 0x00000000d7100000, 0x0000000100000000)
  eden space 21504K, 0% used [0x00000000d5580000,0x00000000d5580000,0x00000000d6a80000)
  from space 3072K, 84% used [0x00000000d6e00000,0x00000000d708c440,0x00000000d7100000)
  to   space 3072K, 0% used [0x00000000d6b00000,0x00000000d6b00000,0x00000000d6e00000)
 ParOldGen       total 68608K, used 29437K [0x0000000080000000, 0x0000000084300000, 0x00000000d5580000)
  object space 68608K, 42% used [0x0000000080000000,0x0000000081cbf568,0x0000000084300000)
 Metaspace       used 49582K, committed 50880K, reserved 1114112K
  class space    used 5361K, committed 5952K, reserved 1048576K
}
Event: 41.184 GC heap before
{Heap before GC invocations=29 (full 2):
 PSYoungGen      total 24576K, used 24113K [0x00000000d5580000, 0x00000000d7100000, 0x0000000100000000)
  eden space 21504K, 100% used [0x00000000d5580000,0x00000000d6a80000,0x00000000d6a80000)
  from space 3072K, 84% used [0x00000000d6e00000,0x00000000d708c440,0x00000000d7100000)
  to   space 3072K, 0% used [0x00000000d6b00000,0x00000000d6b00000,0x00000000d6e00000)
 ParOldGen       total 68608K, used 29437K [0x0000000080000000, 0x0000000084300000, 0x00000000d5580000)
  object space 68608K, 42% used [0x0000000080000000,0x0000000081cbf568,0x0000000084300000)
 Metaspace       used 49605K, committed 50944K, reserved 1114112K
  class space    used 5361K, committed 5952K, reserved 1048576K
}
Event: 41.196 GC heap after
{Heap after GC invocations=29 (full 2):
 PSYoungGen      total 24064K, used 2468K [0x00000000d5580000, 0x00000000d6f80000, 0x0000000100000000)
  eden space 21504K, 0% used [0x00000000d5580000,0x00000000d5580000,0x00000000d6a80000)
  from space 2560K, 96% used [0x00000000d6b00000,0x00000000d6d69000,0x00000000d6d80000)
  to   space 2048K, 0% used [0x00000000d6d80000,0x00000000d6d80000,0x00000000d6f80000)
 ParOldGen       total 68608K, used 31848K [0x0000000080000000, 0x0000000084300000, 0x00000000d5580000)
  object space 68608K, 46% used [0x0000000080000000,0x0000000081f1a290,0x0000000084300000)
 Metaspace       used 49605K, committed 50944K, reserved 1114112K
  class space    used 5361K, committed 5952K, reserved 1048576K
}
Event: 41.290 GC heap before
{Heap before GC invocations=30 (full 2):
 PSYoungGen      total 24064K, used 23972K [0x00000000d5580000, 0x00000000d6f80000, 0x0000000100000000)
  eden space 21504K, 100% used [0x00000000d5580000,0x00000000d6a80000,0x00000000d6a80000)
  from space 2560K, 96% used [0x00000000d6b00000,0x00000000d6d69000,0x00000000d6d80000)
  to   space 2048K, 0% used [0x00000000d6d80000,0x00000000d6d80000,0x00000000d6f80000)
 ParOldGen       total 68608K, used 31848K [0x0000000080000000, 0x0000000084300000, 0x00000000d5580000)
  object space 68608K, 46% used [0x0000000080000000,0x0000000081f1a290,0x0000000084300000)
 Metaspace       used 49631K, committed 50944K, reserved 1114112K
  class space    used 5361K, committed 5952K, reserved 1048576K
}
Event: 41.298 GC heap after
{Heap after GC invocations=30 (full 2):
 PSYoungGen      total 21504K, used 2048K [0x00000000d5580000, 0x00000000d7480000, 0x0000000100000000)
  eden space 19456K, 0% used [0x00000000d5580000,0x00000000d5580000,0x00000000d6880000)
  from space 2048K, 100% used [0x00000000d6d80000,0x00000000d6f80000,0x00000000d6f80000)
  to   space 5120K, 0% used [0x00000000d6880000,0x00000000d6880000,0x00000000d6d80000)
 ParOldGen       total 68608K, used 34329K [0x0000000080000000, 0x0000000084300000, 0x00000000d5580000)
  object space 68608K, 50% used [0x0000000080000000,0x0000000082186790,0x0000000084300000)
 Metaspace       used 49631K, committed 50944K, reserved 1114112K
  class space    used 5361K, committed 5952K, reserved 1048576K
}
Event: 41.401 GC heap before
{Heap before GC invocations=31 (full 2):
 PSYoungGen      total 21504K, used 21504K [0x00000000d5580000, 0x00000000d7480000, 0x0000000100000000)
  eden space 19456K, 100% used [0x00000000d5580000,0x00000000d6880000,0x00000000d6880000)
  from space 2048K, 100% used [0x00000000d6d80000,0x00000000d6f80000,0x00000000d6f80000)
  to   space 5120K, 0% used [0x00000000d6880000,0x00000000d6880000,0x00000000d6d80000)
 ParOldGen       total 68608K, used 34329K [0x0000000080000000, 0x0000000084300000, 0x00000000d5580000)
  object space 68608K, 50% used [0x0000000080000000,0x0000000082186790,0x0000000084300000)
 Metaspace       used 49698K, committed 50944K, reserved 1114112K
  class space    used 5362K, committed 5952K, reserved 1048576K
}
Event: 41.408 GC heap after
{Heap after GC invocations=31 (full 2):
 PSYoungGen      total 22016K, used 2168K [0x00000000d5580000, 0x00000000d6e80000, 0x0000000100000000)
  eden space 19456K, 0% used [0x00000000d5580000,0x00000000d5580000,0x00000000d6880000)
  from space 2560K, 84% used [0x00000000d6880000,0x00000000d6a9e210,0x00000000d6b00000)
  to   space 3072K, 0% used [0x00000000d6b80000,0x00000000d6b80000,0x00000000d6e80000)
 ParOldGen       total 68608K, used 36393K [0x0000000080000000, 0x0000000084300000, 0x00000000d5580000)
  object space 68608K, 53% used [0x0000000080000000,0x000000008238a790,0x0000000084300000)
 Metaspace       used 49698K, committed 50944K, reserved 1114112K
  class space    used 5362K, committed 5952K, reserved 1048576K
}
Event: 41.673 GC heap before
{Heap before GC invocations=32 (full 2):
 PSYoungGen      total 22016K, used 21624K [0x00000000d5580000, 0x00000000d6e80000, 0x0000000100000000)
  eden space 19456K, 100% used [0x00000000d5580000,0x00000000d6880000,0x00000000d6880000)
  from space 2560K, 84% used [0x00000000d6880000,0x00000000d6a9e210,0x00000000d6b00000)
  to   space 3072K, 0% used [0x00000000d6b80000,0x00000000d6b80000,0x00000000d6e80000)
 ParOldGen       total 68608K, used 36393K [0x0000000080000000, 0x0000000084300000, 0x00000000d5580000)
  object space 68608K, 53% used [0x0000000080000000,0x000000008238a790,0x0000000084300000)
 Metaspace       used 50107K, committed 51392K, reserved 1114112K
  class space    used 5400K, committed 5952K, reserved 1048576K
}
Event: 41.678 GC heap after
{Heap after GC invocations=32 (full 2):
 PSYoungGen      total 20992K, used 1504K [0x00000000d5580000, 0x00000000d6d00000, 0x0000000100000000)
  eden space 19456K, 0% used [0x00000000d5580000,0x00000000d5580000,0x00000000d6880000)
  from space 1536K, 97% used [0x00000000d6b80000,0x00000000d6cf8040,0x00000000d6d00000)
  to   space 2048K, 0% used [0x00000000d6900000,0x00000000d6900000,0x00000000d6b00000)
 ParOldGen       total 68608K, used 38482K [0x0000000080000000, 0x0000000084300000, 0x00000000d5580000)
  object space 68608K, 56% used [0x0000000080000000,0x00000000825949a0,0x0000000084300000)
 Metaspace       used 50107K, committed 51392K, reserved 1114112K
  class space    used 5400K, committed 5952K, reserved 1048576K
}
Event: 1778.335 GC heap before
{Heap before GC invocations=33 (full 2):
 PSYoungGen      total 20992K, used 20960K [0x00000000d5580000, 0x00000000d6d00000, 0x0000000100000000)
  eden space 19456K, 100% used [0x00000000d5580000,0x00000000d6880000,0x00000000d6880000)
  from space 1536K, 97% used [0x00000000d6b80000,0x00000000d6cf8040,0x00000000d6d00000)
  to   space 2048K, 0% used [0x00000000d6900000,0x00000000d6900000,0x00000000d6b00000)
 ParOldGen       total 68608K, used 38482K [0x0000000080000000, 0x0000000084300000, 0x00000000d5580000)
  object space 68608K, 56% used [0x0000000080000000,0x00000000825949a0,0x0000000084300000)
 Metaspace       used 51276K, committed 52608K, reserved 1114112K
  class space    used 5541K, committed 6144K, reserved 1048576K
}
Event: 1778.340 GC heap after
{Heap after GC invocations=33 (full 2):
 PSYoungGen      total 20992K, used 1024K [0x00000000d5580000, 0x00000000d6c00000, 0x0000000100000000)
  eden space 19456K, 0% used [0x00000000d5580000,0x00000000d5580000,0x00000000d6880000)
  from space 1536K, 66% used [0x00000000d6900000,0x00000000d6a00030,0x00000000d6a80000)
  to   space 1536K, 0% used [0x00000000d6a80000,0x00000000d6a80000,0x00000000d6c00000)
 ParOldGen       total 68608K, used 39894K [0x0000000080000000, 0x0000000084300000, 0x00000000d5580000)
  object space 68608K, 58% used [0x0000000080000000,0x00000000826f58c0,0x0000000084300000)
 Metaspace       used 51276K, committed 52608K, reserved 1114112K
  class space    used 5541K, committed 6144K, reserved 1048576K
}
Event: 6850.990 GC heap before
{Heap before GC invocations=34 (full 2):
 PSYoungGen      total 20992K, used 20480K [0x00000000d5580000, 0x00000000d6c00000, 0x0000000100000000)
  eden space 19456K, 100% used [0x00000000d5580000,0x00000000d6880000,0x00000000d6880000)
  from space 1536K, 66% used [0x00000000d6900000,0x00000000d6a00030,0x00000000d6a80000)
  to   space 1536K, 0% used [0x00000000d6a80000,0x00000000d6a80000,0x00000000d6c00000)
 ParOldGen       total 68608K, used 39894K [0x0000000080000000, 0x0000000084300000, 0x00000000d5580000)
  object space 68608K, 58% used [0x0000000080000000,0x00000000826f58c0,0x0000000084300000)
 Metaspace       used 51575K, committed 52928K, reserved 1114112K
  class space    used 5571K, committed 6144K, reserved 1048576K
}
Event: 6851.164 GC heap after
{Heap after GC invocations=34 (full 2):
 PSYoungGen      total 20992K, used 1504K [0x00000000d5580000, 0x00000000d6c80000, 0x0000000100000000)
  eden space 19456K, 0% used [0x00000000d5580000,0x00000000d5580000,0x00000000d6880000)
  from space 1536K, 97% used [0x00000000d6a80000,0x00000000d6bf8000,0x00000000d6c00000)
  to   space 2048K, 0% used [0x00000000d6880000,0x00000000d6880000,0x00000000d6a80000)
 ParOldGen       total 68608K, used 40751K [0x0000000080000000, 0x0000000084300000, 0x00000000d5580000)
  object space 68608K, 59% used [0x0000000080000000,0x00000000827cbc90,0x0000000084300000)
 Metaspace       used 51575K, committed 52928K, reserved 1114112K
  class space    used 5571K, committed 6144K, reserved 1048576K
}

