# JRE version: Java(TM) SE Runtime Environment (17.0.12+8) (build 17.0.12+8-LTS-286)
# Java VM: Java HotSpot(TM) 64-Bit Server VM (17.0.12+8-LTS-286, mixed mode, sharing, tiered, compressed oops, compressed class ptrs, g1 gc, windows-amd64)
GC Precious Log:
 CPUs: 4 total, 4 available
 Memory: 8106M
 Large Page Support: Disabled
 NUMA Support: Disabled
 Compressed Oops: Enabled (32-bit)
 Heap Region Size: 1M
 Heap Min Capacity: 8M
 Heap Initial Capacity: 128M
 Heap Max Capacity: 2G
 Pre-touch: Disabled
 Parallel Workers: 4
 Concurrent Workers: 1
 Concurrent Refinement Workers: 4
 Periodic GC: Disabled
Heap:
 garbage-first heap   total 303104K, used 216051K [0x0000000080000000, 0x0000000100000000)
  region size 1024K, 3 young (3072K), 3 survivors (3072K)
 Metaspace       used 115805K, committed 117248K, reserved 557056K
  class space    used 16092K, committed 16768K, reserved 425984K
GC Heap History (20 events):
Event: 60.915 GC heap after
{Heap after GC invocations=63 (full 0):
 garbage-first heap   total 251904K, used 163941K [0x0000000080000000, 0x0000000100000000)
  region size 1024K, 8 young (8192K), 8 survivors (8192K)
 Metaspace       used 109735K, committed 111040K, reserved 557056K
  class space    used 15190K, committed 15808K, reserved 425984K
}
Event: 61.824 GC heap before
{Heap before GC invocations=63 (full 0):
 garbage-first heap   total 251904K, used 206949K [0x0000000080000000, 0x0000000100000000)
  region size 1024K, 50 young (51200K), 8 survivors (8192K)
 Metaspace       used 110204K, committed 111488K, reserved 557056K
  class space    used 15249K, committed 15872K, reserved 425984K
}
Event: 61.842 GC heap after
{Heap after GC invocations=64 (full 0):
 garbage-first heap   total 251904K, used 170435K [0x0000000080000000, 0x0000000100000000)
  region size 1024K, 7 young (7168K), 7 survivors (7168K)
 Metaspace       used 110204K, committed 111488K, reserved 557056K
  class space    used 15249K, committed 15872K, reserved 425984K
}
Event: 62.153 GC heap before
{Heap before GC invocations=64 (full 0):
 garbage-first heap   total 251904K, used 209347K [0x0000000080000000, 0x0000000100000000)
  region size 1024K, 45 young (46080K), 7 survivors (7168K)
 Metaspace       used 110207K, committed 111488K, reserved 557056K
  class space    used 15249K, committed 15872K, reserved 425984K
}
Event: 62.163 GC heap after
{Heap after GC invocations=65 (full 0):
 garbage-first heap   total 251904K, used 171577K [0x0000000080000000, 0x0000000100000000)
  region size 1024K, 4 young (4096K), 4 survivors (4096K)
 Metaspace       used 110207K, committed 111488K, reserved 557056K
  class space    used 15249K, committed 15872K, reserved 425984K
}
Event: 62.473 GC heap before
{Heap before GC invocations=65 (full 0):
 garbage-first heap   total 251904K, used 210489K [0x0000000080000000, 0x0000000100000000)
  region size 1024K, 42 young (43008K), 4 survivors (4096K)
 Metaspace       used 110207K, committed 111488K, reserved 557056K
  class space    used 15249K, committed 15872K, reserved 425984K
}
Event: 62.479 GC heap after
{Heap after GC invocations=66 (full 0):
 garbage-first heap   total 251904K, used 171991K [0x0000000080000000, 0x0000000100000000)
  region size 1024K, 4 young (4096K), 4 survivors (4096K)
 Metaspace       used 110207K, committed 111488K, reserved 557056K
  class space    used 15249K, committed 15872K, reserved 425984K
}
Event: 62.795 GC heap before
{Heap before GC invocations=66 (full 0):
 garbage-first heap   total 251904K, used 210903K [0x0000000080000000, 0x0000000100000000)
  region size 1024K, 43 young (44032K), 4 survivors (4096K)
 Metaspace       used 110210K, committed 111488K, reserved 557056K
  class space    used 15250K, committed 15872K, reserved 425984K
}
Event: 62.802 GC heap after
{Heap after GC invocations=67 (full 0):
 garbage-first heap   total 303104K, used 172914K [0x0000000080000000, 0x0000000100000000)
  region size 1024K, 4 young (4096K), 4 survivors (4096K)
 Metaspace       used 110210K, committed 111488K, reserved 557056K
  class space    used 15250K, committed 15872K, reserved 425984K
}
Event: 65.388 GC heap before
{Heap before GC invocations=67 (full 0):
 garbage-first heap   total 303104K, used 256882K [0x0000000080000000, 0x0000000100000000)
  region size 1024K, 83 young (84992K), 4 survivors (4096K)
 Metaspace       used 112596K, committed 113984K, reserved 557056K
  class space    used 15649K, committed 16320K, reserved 425984K
}
Event: 65.407 GC heap after
{Heap after GC invocations=68 (full 0):
 garbage-first heap   total 303104K, used 186792K [0x0000000080000000, 0x0000000100000000)
  region size 1024K, 11 young (11264K), 11 survivors (11264K)
 Metaspace       used 112596K, committed 113984K, reserved 557056K
  class space    used 15649K, committed 16320K, reserved 425984K
}
Event: 66.698 GC heap before
{Heap before GC invocations=68 (full 0):
 garbage-first heap   total 303104K, used 251304K [0x0000000080000000, 0x0000000100000000)
  region size 1024K, 74 young (75776K), 11 survivors (11264K)
 Metaspace       used 115464K, committed 116800K, reserved 557056K
  class space    used 16055K, committed 16704K, reserved 425984K
}
Event: 66.717 GC heap after
{Heap after GC invocations=69 (full 0):
 garbage-first heap   total 303104K, used 192579K [0x0000000080000000, 0x0000000100000000)
  region size 1024K, 6 young (6144K), 6 survivors (6144K)
 Metaspace       used 115464K, committed 116800K, reserved 557056K
  class space    used 16055K, committed 16704K, reserved 425984K
}
Event: 67.534 GC heap before
{Heap before GC invocations=69 (full 0):
 garbage-first heap   total 303104K, used 254019K [0x0000000080000000, 0x0000000100000000)
  region size 1024K, 66 young (67584K), 6 survivors (6144K)
 Metaspace       used 115693K, committed 117184K, reserved 557056K
  class space    used 16084K, committed 16768K, reserved 425984K
}
Event: 67.557 GC heap after
{Heap after GC invocations=70 (full 0):
 garbage-first heap   total 303104K, used 203727K [0x0000000080000000, 0x0000000100000000)
  region size 1024K, 9 young (9216K), 9 survivors (9216K)
 Metaspace       used 115693K, committed 117184K, reserved 557056K
  class space    used 16084K, committed 16768K, reserved 425984K
}
Event: 68.403 GC heap before
{Heap before GC invocations=70 (full 0):
 garbage-first heap   total 303104K, used 252879K [0x0000000080000000, 0x0000000100000000)
  region size 1024K, 58 young (59392K), 9 survivors (9216K)
 Metaspace       used 115804K, committed 117248K, reserved 557056K
  class space    used 16092K, committed 16768K, reserved 425984K
}
Event: 68.433 GC heap after
{Heap after GC invocations=71 (full 0):
 garbage-first heap   total 303104K, used 213312K [0x0000000080000000, 0x0000000100000000)
  region size 1024K, 8 young (8192K), 8 survivors (8192K)
 Metaspace       used 115804K, committed 117248K, reserved 557056K
  class space    used 16092K, committed 16768K, reserved 425984K
}
Event: 68.797 GC heap before
{Heap before GC invocations=71 (full 0):
 garbage-first heap   total 303104K, used 253248K [0x0000000080000000, 0x0000000100000000)
  region size 1024K, 48 young (49152K), 8 survivors (8192K)
 Metaspace       used 115805K, committed 117248K, reserved 557056K
  class space    used 16092K, committed 16768K, reserved 425984K
}
Event: 68.815 GC heap after
{Heap after GC invocations=72 (full 0):
 garbage-first heap   total 303104K, used 215422K [0x0000000080000000, 0x0000000100000000)
  region size 1024K, 4 young (4096K), 4 survivors (4096K)
 Metaspace       used 115805K, committed 117248K, reserved 557056K
  class space    used 16092K, committed 16768K, reserved 425984K
}
Event: 69.246 GC heap before
{Heap before GC invocations=72 (full 0):
 garbage-first heap   total 303104K, used 255358K [0x0000000080000000, 0x0000000100000000)
  region size 1024K, 44 young (45056K), 4 survivors (4096K)
 Metaspace       used 115805K, committed 117248K, reserved 557056K
  class space    used 16092K, committed 16768K, reserved 425984K
}

